<?xml version="1.0" encoding="UTF-8"?>
<!-- Generated by org.testng.reporters.JUnitReportReporter -->
<testsuite hostname="DESKTOP-5BL4P1H" failures="0" tests="1" name="org.appiumDemo.Android.MultipleTests" time="26.863" errors="0" timestamp="2025-04-09T14:49:02 IST" skipped="0">
  <testcase classname="org.appiumDemo.Android.MultipleTests" name="fillform_positivecase" time="26.863"/>
</testsuite> <!-- org.appiumDemo.Android.MultipleTests -->
