<?xml version="1.0" encoding="UTF-8"?>
<!-- Generated by org.testng.reporters.JUnitReportReporter -->
<testsuite hostname="DESKTOP-5BL4P1H" failures="0" tests="1" name="org.appiumDemo.Ecomm_Tc3" time="35.899" errors="0" timestamp="2025-03-25T17:46:13 IST" skipped="0">
  <testcase classname="org.appiumDemo.Ecomm_Tc3" name="addItems" time="35.899"/>
</testsuite> <!-- org.appiumDemo.Ecomm_Tc3 -->
