<?xml version="1.0" encoding="UTF-8"?>
<!-- Generated by org.testng.reporters.JUnitReportReporter -->
<testsuite hostname="DESKTOP-5BL4P1H" failures="0" tests="1" name="org.appiumDemo.Android.Ecomm_Tc3" time="44.928" errors="0" timestamp="2025-04-07T18:03:51 IST" skipped="0">
  <testcase classname="org.appiumDemo.Android.Ecomm_Tc3" name="addItems" time="44.928"/>
</testsuite> <!-- org.appiumDemo.Android.Ecomm_Tc3 -->
